

============================== 2022-12-07 17:43:59.460510 | 10ca6eba-49c5-4e32-a288-ed8a9f6381bc ==============================
[0m17:43:59.460510 [info ] [MainThread]: Running with dbt=1.3.1
[0m17:43:59.461518 [debug] [MainThread]: running dbt with arguments {'write_json': True, 'use_colors': True, 'printer_width': 80, 'version_check': True, 'partial_parse': True, 'static_parser': True, 'profiles_dir': 'C:\\Users\\Zac\\.dbt', 'send_anonymous_usage_stats': True, 'event_buffer_size': 100000, 'quiet': False, 'no_print': False, 'config_dir': False, 'which': 'debug', 'indirect_selection': 'eager'}
[0m17:43:59.461518 [debug] [MainThread]: Tracking: tracking
[0m17:43:59.472000 [debug] [MainThread]: Sending event: {'category': 'dbt', 'action': 'invocation', 'label': 'start', 'context': [<snowplow_tracker.self_describing_json.SelfDescribingJson object at 0x0000019D3B7904C0>, <snowplow_tracker.self_describing_json.SelfDescribingJson object at 0x0000019D3B7923B0>, <snowplow_tracker.self_describing_json.SelfDescribingJson object at 0x0000019D3B7923E0>]}
[0m17:43:59.510220 [debug] [MainThread]: Executing "git --help"
[0m17:43:59.520662 [debug] [MainThread]: Sending event: {'category': 'dbt', 'action': 'invocation', 'label': 'end', 'context': [<snowplow_tracker.self_describing_json.SelfDescribingJson object at 0x0000019D3B7F3E80>, <snowplow_tracker.self_describing_json.SelfDescribingJson object at 0x0000019D3B7F0700>, <snowplow_tracker.self_describing_json.SelfDescribingJson object at 0x0000019D3B7F3B50>]}
[0m17:43:59.520662 [debug] [MainThread]: Flushing usage events


============================== 2022-12-07 17:46:37.933007 | a06680b6-a3af-4cf1-a6a1-dc9a80f51645 ==============================
[0m17:46:37.933007 [info ] [MainThread]: Running with dbt=1.3.1
[0m17:46:37.934008 [debug] [MainThread]: running dbt with arguments {'write_json': True, 'use_colors': True, 'printer_width': 80, 'version_check': True, 'partial_parse': True, 'static_parser': True, 'profiles_dir': 'C:\\Users\\Zac\\.dbt', 'send_anonymous_usage_stats': True, 'event_buffer_size': 100000, 'quiet': False, 'no_print': False, 'skip_profile_setup': False, 'which': 'init', 'indirect_selection': 'eager'}
[0m17:46:37.934008 [debug] [MainThread]: Tracking: tracking
[0m17:46:37.943956 [debug] [MainThread]: Sending event: {'category': 'dbt', 'action': 'invocation', 'label': 'start', 'context': [<snowplow_tracker.self_describing_json.SelfDescribingJson object at 0x000001F419910D90>, <snowplow_tracker.self_describing_json.SelfDescribingJson object at 0x000001F4199114B0>, <snowplow_tracker.self_describing_json.SelfDescribingJson object at 0x000001F419910E80>]}
[0m17:47:00.999609 [debug] [MainThread]: Starter project path: C:\Users\Zac\.virtualenvs\getground_dbt-postgres-To_WTA7k\lib\site-packages\dbt\include\starter_project
[0m17:47:04.517519 [info ] [MainThread]: 
Your new dbt project "getground" was created!

For more information on how to configure the profiles.yml file,
please consult the dbt documentation here:

  https://docs.getdbt.com/docs/configure-your-profile

One more thing:

Need help? Don't hesitate to reach out to us via GitHub issues or on Slack:

  https://community.getdbt.com/

Happy modeling!

[0m17:47:04.519049 [debug] [MainThread]: Sending event: {'category': 'dbt', 'action': 'invocation', 'label': 'end', 'context': [<snowplow_tracker.self_describing_json.SelfDescribingJson object at 0x000001F41A0D01C0>, <snowplow_tracker.self_describing_json.SelfDescribingJson object at 0x000001F41A0D00D0>, <snowplow_tracker.self_describing_json.SelfDescribingJson object at 0x000001F41A0D2470>]}
[0m17:47:04.519049 [debug] [MainThread]: Flushing usage events
